<?xml version="1.0" encoding="UTF-8"?>
<testng-results skipped="0" failed="0" ignored="0" total="1" passed="1">
  <reporter-output>
  </reporter-output>
  <suite name="Command line suite" duration-ms="5631" started-at="2020-05-24T14:15:01 UTC" finished-at="2020-05-24T14:15:07 UTC">
    <groups>
    </groups>
    <test name="Command line test" duration-ms="5631" started-at="2020-05-24T14:15:01 UTC" finished-at="2020-05-24T14:15:07 UTC">
      <class name="test.test.MyMojo">
        <test-method status="PASS" signature="beforetest()[pri:0, instance:test.test.MyMojo@130f889]" name="beforetest" is-config="true" duration-ms="5021" started-at="2020-05-24T14:15:01 UTC" finished-at="2020-05-24T14:15:06 UTC">
          <reporter-output>
          </reporter-output>
        </test-method> <!-- beforetest -->
        <test-method status="PASS" signature="open()[pri:0, instance:test.test.MyMojo@130f889]" name="open" is-config="true" duration-ms="253" started-at="2020-05-24T14:15:06 UTC" finished-at="2020-05-24T14:15:06 UTC">
          <reporter-output>
          </reporter-output>
        </test-method> <!-- open -->
        <test-method status="PASS" signature="image()[pri:0, instance:test.test.MyMojo@130f889]" name="image" duration-ms="109" started-at="2020-05-24T14:15:06 UTC" finished-at="2020-05-24T14:15:06 UTC">
          <reporter-output>
          </reporter-output>
        </test-method> <!-- image -->
        <test-method status="PASS" signature="close()[pri:0, instance:test.test.MyMojo@130f889]" name="close" is-config="true" duration-ms="158" started-at="2020-05-24T14:15:06 UTC" finished-at="2020-05-24T14:15:07 UTC">
          <reporter-output>
          </reporter-output>
        </test-method> <!-- close -->
      </class> <!-- test.test.MyMojo -->
    </test> <!-- Command line test -->
  </suite> <!-- Command line suite -->
</testng-results>
